  [1m[36m (3.4ms)[0m  [1mCREATE TABLE "schema_migrations" ("version" character varying(255) NOT NULL) [0m
  [1m[35m (3.1ms)[0m  CREATE UNIQUE INDEX "unique_schema_migrations" ON "schema_migrations" ("version")
  [1m[36mActiveRecord::SchemaMigration Load (0.5ms)[0m  [1mSELECT "schema_migrations".* FROM "schema_migrations"[0m
Migrating to CreateUsers (20140626010645)
  [1m[35m (0.2ms)[0m  BEGIN
  [1m[36m (5.4ms)[0m  [1mCREATE TABLE "users" ("id" serial primary key, "username" character varying(255) NOT NULL, "password_digest" character varying(255) NOT NULL, "created_at" timestamp, "updated_at" timestamp) [0m
  [1m[35mSQL (0.9ms)[0m  INSERT INTO "schema_migrations" ("version") VALUES ($1)  [["version", "20140626010645"]]
  [1m[36m (0.5ms)[0m  [1mCOMMIT[0m
Migrating to CreateGames (20140626010708)
  [1m[35m (0.3ms)[0m  BEGIN
  [1m[36m (2.8ms)[0m  [1mCREATE TABLE "games" ("id" serial primary key, "user_id" integer, "is_complete" boolean DEFAULT 'f', "created_at" timestamp, "updated_at" timestamp) [0m
  [1m[35mSQL (1.3ms)[0m  INSERT INTO "schema_migrations" ("version") VALUES ($1)  [["version", "20140626010708"]]
  [1m[36m (0.5ms)[0m  [1mCOMMIT[0m
Migrating to CreateRounds (20140626010713)
  [1m[35m (0.3ms)[0m  BEGIN
  [1m[36m (3.6ms)[0m  [1mCREATE TABLE "rounds" ("id" serial primary key, "game_id" integer, "user_id" integer, "content" bytea NOT NULL, "content_type" character varying(255) NOT NULL, "created_at" timestamp, "updated_at" timestamp) [0m
  [1m[35mSQL (0.3ms)[0m  INSERT INTO "schema_migrations" ("version") VALUES ($1)  [["version", "20140626010713"]]
  [1m[36m (0.6ms)[0m  [1mCOMMIT[0m
  [1m[35mActiveRecord::SchemaMigration Load (0.5ms)[0m  SELECT "schema_migrations".* FROM "schema_migrations"


Started GET "/" for 127.0.0.1 at 2014-07-01 19:16:28 -0400
  [1m[36mActiveRecord::SchemaMigration Load (0.5ms)[0m  [1mSELECT "schema_migrations".* FROM "schema_migrations"[0m
Processing by GamesController#index as HTML
  Rendered games/index.html.erb within layouts/application (1.5ms)
Completed 200 OK in 3465ms (Views: 3448.4ms | ActiveRecord: 0.0ms)


Started GET "/assets/vendor/modernizr.js?body=1" for 127.0.0.1 at 2014-07-01 19:16:32 -0400


Started GET "/assets/application.css?body=1" for 127.0.0.1 at 2014-07-01 19:16:32 -0400


Started GET "/assets/foundation/foundation.js?body=1" for 127.0.0.1 at 2014-07-01 19:16:32 -0400


Started GET "/assets/foundation/foundation.abide.js?body=1" for 127.0.0.1 at 2014-07-01 19:16:32 -0400


Started GET "/assets/foundation/foundation.accordion.js?body=1" for 127.0.0.1 at 2014-07-01 19:16:32 -0400


Started GET "/assets/foundation_and_overrides.css?body=1" for 127.0.0.1 at 2014-07-01 19:16:32 -0400


Started GET "/assets/jquery.js?body=1" for 127.0.0.1 at 2014-07-01 19:16:32 -0400


Started GET "/assets/foundation/foundation.alert.js?body=1" for 127.0.0.1 at 2014-07-01 19:16:32 -0400


Started GET "/assets/jquery_ujs.js?body=1" for 127.0.0.1 at 2014-07-01 19:16:32 -0400


Started GET "/assets/foundation/foundation.clearing.js?body=1" for 127.0.0.1 at 2014-07-01 19:16:32 -0400


Started GET "/assets/foundation/foundation.dropdown.js?body=1" for 127.0.0.1 at 2014-07-01 19:16:32 -0400


Started GET "/assets/foundation/foundation.interchange.js?body=1" for 127.0.0.1 at 2014-07-01 19:16:32 -0400


Started GET "/assets/foundation/foundation.joyride.js?body=1" for 127.0.0.1 at 2014-07-01 19:16:32 -0400


Started GET "/assets/foundation/foundation.magellan.js?body=1" for 127.0.0.1 at 2014-07-01 19:16:32 -0400


Started GET "/assets/foundation/foundation.offcanvas.js?body=1" for 127.0.0.1 at 2014-07-01 19:16:32 -0400


Started GET "/assets/foundation/foundation.orbit.js?body=1" for 127.0.0.1 at 2014-07-01 19:16:32 -0400


Started GET "/assets/foundation/foundation.reveal.js?body=1" for 127.0.0.1 at 2014-07-01 19:16:32 -0400


Started GET "/assets/foundation/foundation.slider.js?body=1" for 127.0.0.1 at 2014-07-01 19:16:32 -0400


Started GET "/assets/foundation/foundation.tab.js?body=1" for 127.0.0.1 at 2014-07-01 19:16:32 -0400


Started GET "/assets/foundation/foundation.tooltip.js?body=1" for 127.0.0.1 at 2014-07-01 19:16:32 -0400


Started GET "/assets/foundation/foundation.topbar.js?body=1" for 127.0.0.1 at 2014-07-01 19:16:32 -0400


Started GET "/assets/foundation/foundation.equalizer.js?body=1" for 127.0.0.1 at 2014-07-01 19:16:32 -0400


Started GET "/assets/foundation.js?body=1" for 127.0.0.1 at 2014-07-01 19:16:32 -0400


Started GET "/assets/application.js?body=1" for 127.0.0.1 at 2014-07-01 19:16:32 -0400


Started GET "/assets/turbolinks.js?body=1" for 127.0.0.1 at 2014-07-01 19:16:33 -0400
  [1m[36mUser Load (2.8ms)[0m  [1mSELECT "users".* FROM "users"[0m
  [1m[36mActiveRecord::SchemaMigration Load (0.6ms)[0m  [1mSELECT "schema_migrations".* FROM "schema_migrations"[0m
  [1m[35m (0.2ms)[0m  BEGIN
  [1m[36mUser Exists (1.8ms)[0m  [1mSELECT 1 AS one FROM "users" WHERE "users"."username" = 'pei' LIMIT 1[0m
  [1m[35mSQL (3.2ms)[0m  INSERT INTO "users" ("created_at", "password_digest", "updated_at", "username") VALUES ($1, $2, $3, $4) RETURNING "id"  [["created_at", Wed, 02 Jul 2014 04:27:22 UTC +00:00], ["password_digest", "$2a$10$c.Bsl4mneRW9hqBorkPrB.3ajYNkuBjA/UwUepHbW7v1Fo2jI1IJa"], ["updated_at", Wed, 02 Jul 2014 04:27:22 UTC +00:00], ["username", "pei"]]
  [1m[36m (0.4ms)[0m  [1mCOMMIT[0m
  [1m[35m (0.2ms)[0m  BEGIN
  [1m[36mUser Exists (0.4ms)[0m  [1mSELECT 1 AS one FROM "users" WHERE "users"."username" = 'stephen' LIMIT 1[0m
  [1m[35mSQL (0.5ms)[0m  INSERT INTO "users" ("created_at", "password_digest", "updated_at", "username") VALUES ($1, $2, $3, $4) RETURNING "id"  [["created_at", Wed, 02 Jul 2014 04:27:23 UTC +00:00], ["password_digest", "$2a$10$.F4/2XGJ5L20tiXL9/ptYuVMAqG9YpE7.07cl9H4w0nHahv.XC57S"], ["updated_at", Wed, 02 Jul 2014 04:27:23 UTC +00:00], ["username", "stephen"]]
  [1m[36m (0.4ms)[0m  [1mCOMMIT[0m
  [1m[35m (0.2ms)[0m  BEGIN
  [1m[36mSQL (1.4ms)[0m  [1mINSERT INTO "games" ("created_at", "updated_at", "user_id") VALUES ($1, $2, $3) RETURNING "id"[0m  [["created_at", Wed, 02 Jul 2014 04:27:23 UTC +00:00], ["updated_at", Wed, 02 Jul 2014 04:27:23 UTC +00:00], ["user_id", 1]]
  [1m[35m (0.4ms)[0m  COMMIT
  [1m[36m (0.1ms)[0m  [1mBEGIN[0m
  [1m[35mSQL (1.5ms)[0m  INSERT INTO "rounds" ("content", "content_type", "created_at", "game_id", "updated_at", "user_id") VALUES ($1, $2, $3, $4, $5, $6) RETURNING "id"  [["content", "<24 bytes of binary data>"], ["content_type", "description"], ["created_at", Wed, 02 Jul 2014 04:27:23 UTC +00:00], ["game_id", 1], ["updated_at", Wed, 02 Jul 2014 04:27:23 UTC +00:00], ["user_id", 2]]
  [1m[36m (0.4ms)[0m  [1mCOMMIT[0m
  [1m[36mUser Load (1.1ms)[0m  [1mSELECT "users".* FROM "users" ORDER BY "users"."id" ASC LIMIT 1[0m
  [1m[35mUser Load (0.6ms)[0m  SELECT "users".* FROM "users"
  [1m[36mUser Load (0.6ms)[0m  [1mSELECT "users".* FROM "users" ORDER BY "users"."id" ASC LIMIT 1[0m
  [1m[35mRound Load (4.7ms)[0m  SELECT "rounds".* FROM "rounds" INNER JOIN "games" ON "rounds"."game_id" = "games"."id" WHERE "games"."user_id" = $1  [["user_id", 1]]
  [1m[36mUser Load (0.5ms)[0m  [1mSELECT "users".* FROM "users" ORDER BY "users"."id" ASC LIMIT 1[0m
  [1m[35mRound Load (0.6ms)[0m  SELECT "rounds".* FROM "rounds" INNER JOIN "games" ON "rounds"."game_id" = "games"."id" WHERE "games"."user_id" = $1  [["user_id", 1]]
  [1m[36mUser Load (0.5ms)[0m  [1mSELECT "users".* FROM "users" ORDER BY "users"."id" ASC LIMIT 1[0m
  [1m[35mRound Load (0.5ms)[0m  SELECT "rounds".* FROM "rounds" INNER JOIN "games" ON "rounds"."game_id" = "games"."id" WHERE "games"."user_id" = $1  [["user_id", 1]]
  [1m[36mUser Load (0.5ms)[0m  [1mSELECT "users".* FROM "users" ORDER BY "users"."id" ASC LIMIT 1[0m
  [1m[35m (0.8ms)[0m  SELECT COUNT(*) FROM "rounds" INNER JOIN "games" ON "rounds"."game_id" = "games"."id" WHERE "games"."user_id" = $1  [["user_id", 1]]
  [1m[36mUser Load (0.5ms)[0m  [1mSELECT "users".* FROM "users" ORDER BY "users"."id" ASC LIMIT 1[0m
  [1m[35mUser Load (0.7ms)[0m  SELECT "users".* FROM "users" ORDER BY "users"."id" ASC LIMIT 1
  [1m[36m (0.2ms)[0m  [1mBEGIN[0m
  [1m[35mSQL (1.7ms)[0m  INSERT INTO "rounds" ("content", "content_type", "created_at", "updated_at") VALUES ($1, $2, $3, $4) RETURNING "id"  [["content", "<12 bytes of binary data>"], ["content_type", "description"], ["created_at", Wed, 02 Jul 2014 04:28:42 UTC +00:00], ["updated_at", Wed, 02 Jul 2014 04:28:42 UTC +00:00]]
  [1m[36m (0.9ms)[0m  [1mCOMMIT[0m
  [1m[35mUser Load (0.6ms)[0m  SELECT "users".* FROM "users" ORDER BY "users"."id" ASC LIMIT 1
  [1m[36m (0.5ms)[0m  [1mSELECT COUNT(*) FROM "rounds" INNER JOIN "games" ON "rounds"."game_id" = "games"."id" WHERE "games"."user_id" = $1[0m  [["user_id", 1]]
  [1m[35mUser Load (0.5ms)[0m  SELECT "users".* FROM "users" ORDER BY "users"."id" ASC LIMIT 1
  [1m[36m (0.2ms)[0m  [1mBEGIN[0m
  [1m[35mSQL (0.4ms)[0m  INSERT INTO "rounds" ("content", "content_type", "created_at", "updated_at") VALUES ($1, $2, $3, $4) RETURNING "id"  [["content", "<12 bytes of binary data>"], ["content_type", "description"], ["created_at", Wed, 02 Jul 2014 04:28:57 UTC +00:00], ["updated_at", Wed, 02 Jul 2014 04:28:57 UTC +00:00]]
  [1m[36m (1.1ms)[0m  [1mCOMMIT[0m
  [1m[35mUser Load (0.6ms)[0m  SELECT "users".* FROM "users" ORDER BY "users"."id" ASC LIMIT 1
  [1m[36m (0.5ms)[0m  [1mSELECT COUNT(*) FROM "rounds" INNER JOIN "games" ON "rounds"."game_id" = "games"."id" WHERE "games"."user_id" = $1[0m  [["user_id", 1]]
  [1m[35mUser Load (0.5ms)[0m  SELECT "users".* FROM "users" ORDER BY "users"."id" ASC LIMIT 1
  [1m[36m (0.5ms)[0m  [1mSELECT COUNT(*) FROM "games" WHERE "games"."user_id" = $1[0m  [["user_id", 1]]
  [1m[35mUser Load (0.5ms)[0m  SELECT "users".* FROM "users" ORDER BY "users"."id" ASC LIMIT 1
  [1m[36mUser Load (0.5ms)[0m  [1mSELECT "users".* FROM "users" ORDER BY "users"."id" ASC LIMIT 1[0m
  [1m[35m (0.4ms)[0m  SELECT COUNT(*) FROM "games" WHERE "games"."user_id" = $1  [["user_id", 1]]
  [1m[36mUser Load (0.6ms)[0m  [1mSELECT "users".* FROM "users" ORDER BY "users"."id" ASC LIMIT 1[0m
  [1m[35m (0.2ms)[0m  BEGIN
  [1m[36mSQL (0.9ms)[0m  [1mINSERT INTO "games" ("created_at", "updated_at", "user_id") VALUES ($1, $2, $3) RETURNING "id"[0m  [["created_at", Wed, 02 Jul 2014 04:29:40 UTC +00:00], ["updated_at", Wed, 02 Jul 2014 04:29:40 UTC +00:00], ["user_id", 1]]
  [1m[35m (1.1ms)[0m  COMMIT
  [1m[36mUser Load (0.7ms)[0m  [1mSELECT "users".* FROM "users" ORDER BY "users"."id" ASC LIMIT 1[0m
  [1m[35m (0.4ms)[0m  SELECT COUNT(*) FROM "games" WHERE "games"."user_id" = $1  [["user_id", 1]]
  [1m[36mUser Load (0.5ms)[0m  [1mSELECT "users".* FROM "users" ORDER BY "users"."id" ASC LIMIT 1[0m
  [1m[35m (0.2ms)[0m  BEGIN
  [1m[36mSQL (0.5ms)[0m  [1mINSERT INTO "rounds" ("content", "content_type", "created_at", "updated_at") VALUES ($1, $2, $3, $4) RETURNING "id"[0m  [["content", "<12 bytes of binary data>"], ["content_type", "description"], ["created_at", Wed, 02 Jul 2014 04:29:50 UTC +00:00], ["updated_at", Wed, 02 Jul 2014 04:29:50 UTC +00:00]]
  [1m[35m (1.1ms)[0m  COMMIT
  [1m[36mUser Load (0.5ms)[0m  [1mSELECT "users".* FROM "users" ORDER BY "users"."id" ASC LIMIT 1[0m
  [1m[35m (0.5ms)[0m  SELECT COUNT(*) FROM "rounds" INNER JOIN "games" ON "rounds"."game_id" = "games"."id" WHERE "games"."user_id" = $1  [["user_id", 1]]
  [1m[36mUser Load (0.5ms)[0m  [1mSELECT "users".* FROM "users" ORDER BY "users"."id" ASC LIMIT 1[0m
  [1m[35m (0.2ms)[0m  BEGIN
  [1m[36mSQL (0.4ms)[0m  [1mINSERT INTO "rounds" ("content", "content_type", "created_at", "updated_at") VALUES ($1, $2, $3, $4) RETURNING "id"[0m  [["content", "<12 bytes of binary data>"], ["content_type", "description"], ["created_at", Wed, 02 Jul 2014 04:30:11 UTC +00:00], ["updated_at", Wed, 02 Jul 2014 04:30:11 UTC +00:00]]
  [1m[35m (1.1ms)[0m  COMMIT
  [1m[36mUser Load (0.5ms)[0m  [1mSELECT "users".* FROM "users" ORDER BY "users"."id" ASC LIMIT 1[0m
  [1m[35mUser Load (0.5ms)[0m  SELECT "users".* FROM "users" ORDER BY "users"."id" ASC LIMIT 1
  [1m[36m (0.6ms)[0m  [1mSELECT COUNT(*) FROM "rounds" INNER JOIN "games" ON "rounds"."game_id" = "games"."id" WHERE "games"."user_id" = $1[0m  [["user_id", 1]]
  [1m[35mUser Load (0.5ms)[0m  SELECT "users".* FROM "users" ORDER BY "users"."id" ASC LIMIT 1
  [1m[36m (0.1ms)[0m  [1mBEGIN[0m
  [1m[35mSQL (0.7ms)[0m  INSERT INTO "rounds" ("content", "content_type", "created_at", "updated_at", "user_id") VALUES ($1, $2, $3, $4, $5) RETURNING "id"  [["content", "<5 bytes of binary data>"], ["content_type", "description"], ["created_at", Wed, 02 Jul 2014 04:32:40 UTC +00:00], ["updated_at", Wed, 02 Jul 2014 04:32:40 UTC +00:00], ["user_id", 1]]
  [1m[36m (1.0ms)[0m  [1mCOMMIT[0m
  [1m[35mUser Load (0.7ms)[0m  SELECT "users".* FROM "users" ORDER BY "users"."id" ASC LIMIT 1
  [1m[36m (0.5ms)[0m  [1mSELECT COUNT(*) FROM "rounds" INNER JOIN "games" ON "rounds"."game_id" = "games"."id" WHERE "games"."user_id" = $1[0m  [["user_id", 1]]
  [1m[35mUser Load (0.6ms)[0m  SELECT "users".* FROM "users" ORDER BY "users"."id" ASC LIMIT 1
  [1m[36mGame Load (0.4ms)[0m  [1mSELECT "games".* FROM "games" ORDER BY "games"."id" ASC LIMIT 1[0m
  [1m[35m (0.2ms)[0m  BEGIN
  [1m[36mSQL (0.7ms)[0m  [1mINSERT INTO "rounds" ("content", "content_type", "created_at", "game_id", "updated_at", "user_id") VALUES ($1, $2, $3, $4, $5, $6) RETURNING "id"[0m  [["content", "<5 bytes of binary data>"], ["content_type", "description"], ["created_at", Wed, 02 Jul 2014 04:33:06 UTC +00:00], ["game_id", 1], ["updated_at", Wed, 02 Jul 2014 04:33:06 UTC +00:00], ["user_id", 1]]
  [1m[35m (0.7ms)[0m  COMMIT
  [1m[36mUser Load (0.6ms)[0m  [1mSELECT "users".* FROM "users" ORDER BY "users"."id" ASC LIMIT 1[0m
  [1m[35m (0.3ms)[0m  SELECT COUNT(*) FROM "rounds" INNER JOIN "games" ON "rounds"."game_id" = "games"."id" WHERE "games"."user_id" = $1  [["user_id", 1]]
  [1m[36mUser Load (0.7ms)[0m  [1mSELECT "users".* FROM "users" ORDER BY "users"."id" ASC LIMIT 1[0m
  [1m[35m (0.4ms)[0m  SELECT COUNT(*) FROM "rounds" INNER JOIN "games" ON "rounds"."game_id" = "games"."id" WHERE "games"."user_id" = $1  [["user_id", 1]]
  [1m[36mUser Load (0.5ms)[0m  [1mSELECT "users".* FROM "users" ORDER BY "users"."id" ASC LIMIT 1[0m
  [1m[35m (0.3ms)[0m  SELECT COUNT(*) FROM "rounds" INNER JOIN "games" ON "rounds"."game_id" = "games"."id" WHERE "games"."user_id" = $1  [["user_id", 1]]
  [1m[36mUser Load (1.0ms)[0m  [1mSELECT "users".* FROM "users" ORDER BY "users"."id" ASC LIMIT 1[0m
  [1m[35mRound Load (3.0ms)[0m  SELECT "rounds".* FROM "rounds" INNER JOIN "games" ON "rounds"."game_id" = "games"."id" WHERE "games"."user_id" = $1  [["user_id", 1]]
  [1m[36mUser Load (0.8ms)[0m  [1mSELECT "users".* FROM "users" ORDER BY "users"."id" ASC LIMIT 1[0m
  [1m[35m (0.8ms)[0m  SELECT COUNT(*) FROM "rounds" INNER JOIN "games" ON "rounds"."game_id" = "games"."id" WHERE "games"."user_id" = $1  [["user_id", 1]]
  [1m[36mUser Load (0.5ms)[0m  [1mSELECT "users".* FROM "users" ORDER BY "users"."id" ASC LIMIT 1[0m
  [1m[35m (0.5ms)[0m  SELECT COUNT(*) FROM "rounds" INNER JOIN "games" ON "rounds"."game_id" = "games"."id" WHERE "games"."user_id" = $1  [["user_id", 1]]
  [1m[36mUser Load (0.9ms)[0m  [1mSELECT "users".* FROM "users" ORDER BY "users"."id" ASC LIMIT 1[0m
  [1m[35mRound Load (2.8ms)[0m  SELECT "rounds".* FROM "rounds" INNER JOIN "games" ON "rounds"."game_id" = "games"."id" WHERE "games"."user_id" = $1  [["user_id", 1]]
  [1m[36mUser Load (0.5ms)[0m  [1mSELECT "users".* FROM "users" ORDER BY "users"."id" ASC LIMIT 1[0m
  [1m[35m (0.8ms)[0m  SELECT COUNT(*) FROM "rounds" INNER JOIN "games" ON "rounds"."game_id" = "games"."id" WHERE "games"."user_id" = $1  [["user_id", 1]]
  [1m[36mUser Load (0.6ms)[0m  [1mSELECT "users".* FROM "users" ORDER BY "users"."id" ASC LIMIT 1[0m
  [1m[35mGame Load (0.5ms)[0m  SELECT "games".* FROM "games" ORDER BY "games"."id" ASC LIMIT 1
  [1m[36m (0.2ms)[0m  [1mBEGIN[0m
  [1m[35mSQL (1.7ms)[0m  INSERT INTO "rounds" ("content", "content_type", "created_at", "game_id", "updated_at", "user_id") VALUES ($1, $2, $3, $4, $5, $6) RETURNING "id"  [["content", "<7 bytes of binary data>"], ["content_type", "description"], ["created_at", Wed, 02 Jul 2014 04:47:17 UTC +00:00], ["game_id", 1], ["updated_at", Wed, 02 Jul 2014 04:47:17 UTC +00:00], ["user_id", 1]]
  [1m[36m (0.5ms)[0m  [1mCOMMIT[0m
  [1m[35mUser Load (0.6ms)[0m  SELECT "users".* FROM "users" ORDER BY "users"."id" ASC LIMIT 1
  [1m[36m (0.7ms)[0m  [1mSELECT COUNT(*) FROM "rounds" INNER JOIN "games" ON "rounds"."game_id" = "games"."id" WHERE "games"."user_id" = $1[0m  [["user_id", 1]]
